
# in utilities.simulation.Snapshot():
* reading:  data/groups/leauthaud/yluo42/FIRE/m11i_r7100/snapshot_times.txt


# in utilities.simulation.Snapshot():
* reading:  data/groups/leauthaud/yluo42/FIRE/m11d_r7100/snapshot_times.txt


# in utilities.simulation.Snapshot():
* reading:  data/groups/leauthaud/yluo42/FIRE/m11q_r880/snapshot_times.txt


# in utilities.simulation.Snapshot():
* reading:  data/groups/leauthaud/yluo42/FIRE/m11e_r7100/snapshot_times.txt


# in utilities.simulation.Snapshot():
* reading:  data/groups/leauthaud/yluo42/FIRE/m11b_r2100/snapshot_times.txt


# in utilities.simulation.Snapshot():
* reading:  data/groups/leauthaud/yluo42/FIRE/m11h_r7100/snapshot_times.txt

* input redshift = 0.0:* input redshift = 0.0:  using snapshot index = 600, redshift = 0.000

  using snapshot index = 600, redshift = 0.000

* input redshift = 0.0:  using snapshot index = 600, redshift = 0.000

* input redshift = 0.0:  using snapshot index = 600, redshift = 0.000

* input redshift = 0.0:  using snapshot index = 600, redshift = 0.000

* input redshift = 0.0:  using snapshot index = 600, redshift = 0.000


# in gizmo_analysis.gizmo_io.Read():
* reading header from:  data/groups/leauthaud/yluo42/FIRE/m11b_r2100/output/snapshot_600.hdf5

# in gizmo_analysis.gizmo_io.Read():
* reading header from:  data/groups/leauthaud/yluo42/FIRE/m11q_r880/output/snapdir_600/snapshot_600.0.hdf5

# in gizmo_analysis.gizmo_io.Read():
* reading header from:  data/groups/leauthaud/yluo42/FIRE/m11i_r7100/output/snapshot_600.hdf5

# in gizmo_analysis.gizmo_io.Read():
* reading header from:  data/groups/leauthaud/yluo42/FIRE/m11d_r7100/output/snapshot_600.hdf5

# in gizmo_analysis.gizmo_io.Read():
* reading header from:  data/groups/leauthaud/yluo42/FIRE/m11h_r7100/output/snapshot_600.hdf5

# in gizmo_analysis.gizmo_io.Read():
* reading header from:  data/groups/leauthaud/yluo42/FIRE/m11e_r7100/output/snapshot_600.hdf5
  snapshot contains the following number of particles:
  snapshot contains the following number of particles:
    dark      (id = 1): 22374200 particles
    dark      (id = 1): 129840464 particles
    dark2     (id = 2): 19623813 particles
    dark2     (id = 2): 8997544 particles
    gas       (id = 0): 22336883 particles
    gas       (id = 0): 128788874 particles
    star      (id = 4): 37213 particles
    star      (id = 4): 1058548 particles
    blackhole (id = 5): 0 particles
    blackhole (id = 5): 0 particles


* reading the following
  species: ['dark', 'dark2', 'gas', 'star']
* reading the following
  species: ['dark', 'dark2', 'gas', 'star']
  snapshot contains the following number of particles:
    dark      (id = 1): 16077408 particles
    dark2     (id = 2): 4172214 particles
    gas       (id = 0): 15125120 particles
    star      (id = 4): 952466 particles
    blackhole (id = 5): 0 particles

* reading the following
  species: ['dark', 'dark2', 'gas', 'star']
  snapshot contains the following number of particles:
    dark      (id = 1): 4592104 particles
    dark2     (id = 2): 3248534 particles
    gas       (id = 0): 4397417 particles
    star      (id = 4): 194680 particles
    blackhole (id = 5): 0 particles

* reading the following
  species: ['dark', 'dark2', 'gas', 'star']
  snapshot contains the following number of particles:
  snapshot contains the following number of particles:
    dark      (id = 1): 15799600 particles
    dark      (id = 1): 11213040 particles
    dark2     (id = 2): 4341648 particles
    gas       (id = 0): 15054933 particles
    dark2     (id = 2): 3946497 particles
    star      (id = 4): 744667 particles
    gas       (id = 0): 10886907 particles
    blackhole (id = 5): 0 particles
    star      (id = 4): 326376 particles

    blackhole (id = 5): 0 particles

* reading the following
* reading the following
  species: ['dark', 'dark2', 'gas', 'star']
  species: ['dark', 'dark2', 'gas', 'star']

* reading particles from:
    data/groups/leauthaud/yluo42/FIRE/m11i_r7100/output/snapshot_600.hdf5

* reading particles from:
    data/groups/leauthaud/yluo42/FIRE/m11e_r7100/output/snapshot_600.hdf5

* reading particles from:
    data/groups/leauthaud/yluo42/FIRE/m11d_r7100/output/snapshot_600.hdf5

* reading particles from:
    data/groups/leauthaud/yluo42/FIRE/m11h_r7100/output/snapshot_600.hdf5

* reading particles from:
    data/groups/leauthaud/yluo42/FIRE/m11b_r2100/output/snapshot_600.hdf5

! cannot find MUSIC config file:  data/groups/leauthaud/yluo42/FIRE/m11i_r7100/*/*.conf
! missing cosmological parameters, assuming the following (from AGORA):
  assuming omega_baryon = 0.0455
  assuming sigma_8 = 0.807
  assuming n_s = 0.961

* checking sanity of particle properties
! warning: gas mass [min, med, max] = [7126.535, 7126.535, 44368.609]
! warning: star mass [min, med, max] = [3802.071, 5253.020, 27560.615]


# in gizmo_analysis.gizmo_track.ParticleCoordinate():
  read 1 host (position, velocity, principal axes) from:  data/groups/leauthaud/yluo42/FIRE/m11i_r7100/track/host_coordinates.hdf5
  host1 position = (48158.68, 38568.77, 42326.56) [kpc comoving]
  host1 velocity = (147.9, -149.1, -24.2) [km / s]
  host1 axis ratios = (0.46, 0.75, 0.61)

Traceback (most recent call last):
  File "/home/jmwick/H1-merian/fire/scripts/parseFire.py", line 225, in <module>
    makeFireCSV(gal)
  File "/home/jmwick/H1-merian/fire/scripts/parseFire.py", line 125, in makeFireCSV
    com_star = np.sum(pos_allstars * mass_allstars[:, None], axis=0) / np.sum(mass_allstars)
                      ~~~~~~~~~~~~~^~~~~~~~~~~~~~~~~~~~~~~~
ValueError: operands could not be broadcast together with shapes (0,194674,3) (0,1,194674) 

! cannot find MUSIC config file:  data/groups/leauthaud/yluo42/FIRE/m11e_r7100/*/*.conf
! missing cosmological parameters, assuming the following (from AGORA):
  assuming omega_baryon = 0.0455
  assuming sigma_8 = 0.807
  assuming n_s = 0.961

* checking sanity of particle properties


# in gizmo_analysis.gizmo_track.ParticleCoordinate():
  read 1 host (position, velocity, principal axes) from:  data/groups/leauthaud/yluo42/FIRE/m11e_r7100/track/host_coordinates.hdf5
  host1 position = (44675.39, 39964.53, 40615.55) [kpc comoving]
  host1 velocity = (80.9, -131.2, -86.3) [km / s]
  host1 axis ratios = (0.28, 0.63, 0.45)

Traceback (most recent call last):
  File "/home/jmwick/H1-merian/fire/scripts/parseFire.py", line 225, in <module>
    makeFireCSV(gal)
  File "/home/jmwick/H1-merian/fire/scripts/parseFire.py", line 125, in makeFireCSV
    com_star = np.sum(pos_allstars * mass_allstars[:, None], axis=0) / np.sum(mass_allstars)
                      ~~~~~~~~~~~~~^~~~~~~~~~~~~~~~~~~~~~~~
ValueError: operands could not be broadcast together with shapes (0,320264,3) (0,1,320264) 

* reading particles from:
    snapshot_600.0.hdf5

! cannot find MUSIC config file:  data/groups/leauthaud/yluo42/FIRE/m11d_r7100/*/*.conf
! missing cosmological parameters, assuming the following (from AGORA):
  assuming omega_baryon = 0.0455
  assuming sigma_8 = 0.807
  assuming n_s = 0.961


! cannot find MUSIC config file:  data/groups/leauthaud/yluo42/FIRE/m11h_r7100/*/*.conf
! missing cosmological parameters, assuming the following (from AGORA):
  assuming omega_baryon = 0.0455
  assuming sigma_8 = 0.807
  assuming n_s = 0.961

* checking sanity of particle properties
* checking sanity of particle properties
! warning: gas mass [min, med, max] = [7126.535, 7126.535, 63936.023]
! warning: gas mass [min, med, max] = [7126.535, 7126.535, 37329.543]
! warning: star mass [min, med, max] = [3662.156, 5332.682, 25063.770]
! warning: star mass [min, med, max] = [3584.668, 5271.687, 40700.500]


# in gizmo_analysis.gizmo_track.ParticleCoordinate():
  read 1 host (position, velocity, principal axes) from:  data/groups/leauthaud/yluo42/FIRE/m11d_r7100/track/host_coordinates.hdf5
  host1 position = (42837.33, 41809.45, 39224.52) [kpc comoving]
  host1 velocity = (-8.8, -26.6, -139.5) [km / s]
  host1 axis ratios = (

# in gizmo_analysis.gizmo_track.ParticleCoordinate():
  read 1 host (position, velocity, principal axes) from:  data/groups/leauthaud/yluo42/FIRE/m11h_r7100/track/host_coordinates.hdf5
  host1 position = (39874.23, 42037.49, 46218.98) [kpc comoving]
  host1 velocity = (-90.7, -23.0, 103.2) [km / s]
  host1 axis ratios = (0.22, 0.27, 0.81)

Traceback (most recent call last):
  File "/home/jmwick/H1-merian/fire/scripts/parseFire.py", line 225, in <module>
    makeFireCSV(gal)
  File "/home/jmwick/H1-merian/fire/scripts/parseFire.py", line 125, in makeFireCSV
    com_star = np.sum(pos_allstars * mass_allstars[:, None], axis=0) / np.sum(mass_allstars)
                      ~~~~~~~~~~~~~^~~~~~~~~~~~~~~~~~~~~~~~
ValueError: operands could not be broadcast together with shapes (0,739044,3) (0,1,739044) 
0.43, 0.91, 0.48)

Traceback (most recent call last):
  File "/home/jmwick/H1-merian/fire/scripts/parseFire.py", line 225, in <module>
    makeFireCSV(gal)
  File "/home/jmwick/H1-merian/fire/scripts/parseFire.py", line 125, in makeFireCSV
    com_star = np.sum(pos_allstars * mass_allstars[:, None], axis=0) / np.sum(mass_allstars)
                      ~~~~~~~~~~~~~^~~~~~~~~~~~~~~~~~~~~~~~
ValueError: operands could not be broadcast together with shapes (0,951395,3) (0,1,951395) 

! cannot find MUSIC config file:  data/groups/leauthaud/yluo42/FIRE/m11b_r2100/*/*.conf
! missing cosmological parameters, assuming the following (from AGORA):
  assuming omega_baryon = 0.0455
  assuming sigma_8 = 0.807
  assuming n_s = 0.961

    snapshot_600.1.hdf5
* checking sanity of particle properties


# in gizmo_analysis.gizmo_track.ParticleCoordinate():
  read 1 host (position, velocity, principal axes) from:  data/groups/leauthaud/yluo42/FIRE/m11b_r2100/track/host_coordinates.hdf5
  host1 position = (23348.86, 20506.42, 22598.10) [kpc comoving]
  host1 velocity = (-227.1, -334.4, -228.1) [km / s]
  host1 axis ratios = (0.31, 0.34, 0.90)

Traceback (most recent call last):
  File "/home/jmwick/H1-merian/fire/scripts/parseFire.py", line 225, in <module>
    makeFireCSV(gal)
  File "/home/jmwick/H1-merian/fire/scripts/parseFire.py", line 125, in makeFireCSV
    com_star = np.sum(pos_allstars * mass_allstars[:, None], axis=0) / np.sum(mass_allstars)
                      ~~~~~~~~~~~~~^~~~~~~~~~~~~~~~~~~~~~~~
ValueError: operands could not be broadcast together with shapes (0,37119,3) (0,1,37119) 
    snapshot_600.2.hdf5
    snapshot_600.3.hdf5

! cannot find MUSIC config file:  data/groups/leauthaud/yluo42/FIRE/m11q_r880/*/*.conf
! missing cosmological parameters, assuming the following (from AGORA):
  assuming omega_baryon = 0.0455
  assuming sigma_8 = 0.807
  assuming n_s = 0.961

* checking sanity of particle properties


# in gizmo_analysis.gizmo_track.ParticleCoordinate():
  read 1 host (position, velocity, principal axes) from:  data/groups/leauthaud/yluo42/FIRE/m11q_r880/track/host_coordinates.hdf5
  host1 position = (42515.82, 45157.52, 40609.33) [kpc comoving]
  host1 velocity = (-28.5, 88.7, -51.1) [km / s]
  host1 axis ratios = (0.45, 0.75, 0.60)

Traceback (most recent call last):
  File "/home/jmwick/H1-merian/fire/scripts/parseFire.py", line 225, in <module>
    makeFireCSV(gal)
  File "/home/jmwick/H1-merian/fire/scripts/parseFire.py", line 125, in makeFireCSV
    com_star = np.sum(pos_allstars * mass_allstars[:, None], axis=0) / np.sum(mass_allstars)
                      ~~~~~~~~~~~~~^~~~~~~~~~~~~~~~~~~~~~~~
ValueError: operands could not be broadcast together with shapes (0,1053307,3) (0,1,1053307) 
